Build started 10/2/2016 6:20:21 PM.
     1>Project "C:\Users\WM\Desktop\Assignment3\MyGraphics\MyGraphics.vcxproj" on node 2 (Build target(s)).
     1>ClCompile:
         C:\Program Files (x86)\Microsoft Visual Studio 12.0\VC\bin\CL.exe /c /IC:\Users\WM\Desktop\Assignment3\\glew\include /IC:\Users\WM\Desktop\Assignment3\\glfw\include /IC:\Users\WM\Desktop\Assignment3\\Common\Source /Zi /nologo /W3 /WX- /sdl /O2 /Oi /Oy- /GL /D WIN32 /D NDEBUG /D _CONSOLE /D _LIB /D _UNICODE /D UNICODE /Gm- /EHsc /MD /GS /Gy /fp:precise /Zc:wchar_t /Zc:forScope /Fo"Release\\" /Fd"Release\vc120.pdb" /Gd /TP /analyze- /errorReport:prompt Source\Assignment2.cpp Source\Assignment3.cpp Source\Camera3.cpp Source\Lab5b.cpp Source\Application.cpp Source\Camera.cpp Source\Camera2.cpp Source\LoadOBJ.cpp Source\LoadTGA.cpp Source\main.cpp Source\Mesh.cpp Source\MeshBuilder.cpp Source\Scene1.cpp Source\Scene3.cpp Source\SceneLight.cpp Source\SceneLight2.cpp Source\SceneModel.cpp Source\SceneSkybox.cpp Source\SceneText.cpp Source\SceneTexture.cpp Source\shader.cpp Source\Scene2.cpp Source\Utility.cpp
         Assignment2.cpp
     1>Source\Assignment2.cpp(47): warning C4305: '=' : truncation from 'double' to 'float'
     1>Source\Assignment2.cpp(104): warning C4305: 'argument' : truncation from 'double' to 'float'
     1>Source\Assignment2.cpp(110): warning C4305: 'argument' : truncation from 'double' to 'float'
     1>Source\Assignment2.cpp(158): warning C4305: 'argument' : truncation from 'double' to 'float'
     1>Source\Assignment2.cpp(164): warning C4305: 'argument' : truncation from 'double' to 'float'
     1>Source\Assignment2.cpp(170): warning C4305: 'argument' : truncation from 'double' to 'float'
     1>Source\Assignment2.cpp(176): warning C4305: 'argument' : truncation from 'double' to 'float'
     1>Source\Assignment2.cpp(182): warning C4305: 'argument' : truncation from 'double' to 'float'
     1>Source\Assignment2.cpp(194): warning C4305: 'argument' : truncation from 'double' to 'float'
     1>Source\Assignment2.cpp(206): warning C4305: 'argument' : truncation from 'double' to 'float'
     1>Source\Assignment2.cpp(218): warning C4305: 'argument' : truncation from 'double' to 'float'
     1>Source\Assignment2.cpp(224): warning C4305: 'argument' : truncation from 'double' to 'float'
     1>Source\Assignment2.cpp(230): warning C4305: 'argument' : truncation from 'double' to 'float'
     1>Source\Assignment2.cpp(236): warning C4305: 'argument' : truncation from 'double' to 'float'
     1>Source\Assignment2.cpp(248): warning C4305: 'argument' : truncation from 'double' to 'float'
     1>Source\Assignment2.cpp(254): warning C4305: 'argument' : truncation from 'double' to 'float'
     1>Source\Assignment2.cpp(272): warning C4305: 'argument' : truncation from 'double' to 'float'
     1>Source\Assignment2.cpp(388): warning C4305: '=' : truncation from 'double' to 'float'
     1>Source\Assignment2.cpp(522): warning C4305: 'argument' : truncation from 'double' to 'float'
     1>Source\Assignment2.cpp(549): warning C4305: 'argument' : truncation from 'double' to 'float'
     1>Source\Assignment2.cpp(574): warning C4305: 'argument' : truncation from 'double' to 'float'
     1>Source\Assignment2.cpp(581): warning C4305: 'argument' : truncation from 'double' to 'float'
     1>Source\Assignment2.cpp(596): warning C4305: 'argument' : truncation from 'double' to 'float'
     1>Source\Assignment2.cpp(635): warning C4305: 'argument' : truncation from 'double' to 'float'
     1>Source\Assignment2.cpp(648): warning C4305: 'argument' : truncation from 'double' to 'float'
     1>Source\Assignment2.cpp(653): warning C4305: 'argument' : truncation from 'double' to 'float'
     1>Source\Assignment2.cpp(657): warning C4305: 'argument' : truncation from 'double' to 'float'
     1>Source\Assignment2.cpp(661): warning C4305: 'argument' : truncation from 'double' to 'float'
     1>Source\Assignment2.cpp(662): warning C4305: 'argument' : truncation from 'double' to 'float'
     1>Source\Assignment2.cpp(680): warning C4305: 'argument' : truncation from 'double' to 'float'
     1>Source\Assignment2.cpp(709): warning C4305: 'argument' : truncation from 'double' to 'float'
     1>Source\Assignment2.cpp(710): warning C4305: 'argument' : truncation from 'double' to 'float'
     1>Source\Assignment2.cpp(771): warning C4305: 'argument' : truncation from 'double' to 'float'
     1>Source\Assignment2.cpp(790): warning C4305: 'argument' : truncation from 'double' to 'float'
     1>Source\Assignment2.cpp(810): warning C4305: 'argument' : truncation from 'double' to 'float'
     1>Source\Assignment2.cpp(817): warning C4305: 'argument' : truncation from 'double' to 'float'
         Assignment3.cpp
     1>c:\users\wm\desktop\assignment3\mygraphics\source\Assignment3.h(208): warning C4305: 'initializing' : truncation from 'double' to 'float'
     1>Source\Assignment3.cpp(287): warning C4305: 'argument' : truncation from 'double' to 'float'
     1>Source\Assignment3.cpp(596): warning C4244: '=' : conversion from 'double' to 'float', possible loss of data
     1>Source\Assignment3.cpp(718): warning C4244: '+=' : conversion from 'double' to 'float', possible loss of data
     1>Source\Assignment3.cpp(719): warning C4244: '+=' : conversion from 'double' to 'float', possible loss of data
     1>Source\Assignment3.cpp(849): warning C4305: 'argument' : truncation from 'double' to 'float'
     1>Source\Assignment3.cpp(908): warning C4305: 'argument' : truncation from 'double' to 'float'
     1>Source\Assignment3.cpp(969): warning C4305: 'argument' : truncation from 'double' to 'float'
     1>Source\Assignment3.cpp(1030): warning C4244: 'argument' : conversion from 'float' to 'unsigned int', possible loss of data
     1>Source\Assignment3.cpp(1034): warning C4244: 'argument' : conversion from 'float' to 'unsigned int', possible loss of data
     1>Source\Assignment3.cpp(1038): warning C4244: 'argument' : conversion from 'float' to 'unsigned int', possible loss of data
     1>Source\Assignment3.cpp(1042): warning C4244: 'argument' : conversion from 'float' to 'unsigned int', possible loss of data
     1>Source\Assignment3.cpp(1239): warning C4305: 'argument' : truncation from 'double' to 'float'
     1>Source\Assignment3.cpp(1253): warning C4305: 'argument' : truncation from 'double' to 'float'
     1>Source\Assignment3.cpp(1253): warning C4244: 'argument' : conversion from 'double' to 'float', possible loss of data
     1>Source\Assignment3.cpp(1261): warning C4305: 'argument' : truncation from 'double' to 'float'
     1>Source\Assignment3.cpp(1270): warning C4305: 'argument' : truncation from 'double' to 'float'
     1>Source\Assignment3.cpp(1278): warning C4305: 'argument' : truncation from 'double' to 'float'
     1>Source\Assignment3.cpp(1294): warning C4305: 'argument' : truncation from 'double' to 'float'
     1>Source\Assignment3.cpp(1344): warning C4305: 'argument' : truncation from 'double' to 'float'
     1>Source\Assignment3.cpp(1345): warning C4305: 'argument' : truncation from 'double' to 'float'
     1>Source\Assignment3.cpp(1493): warning C4305: 'argument' : truncation from 'double' to 'float'
     1>Source\Assignment3.cpp(1494): warning C4305: 'argument' : truncation from 'double' to 'float'
     1>Source\Assignment3.cpp(1495): warning C4305: 'argument' : truncation from 'double' to 'float'
     1>Source\Assignment3.cpp(1497): warning C4305: 'argument' : truncation from 'double' to 'float'
     1>Source\Assignment3.cpp(1498): warning C4305: 'argument' : truncation from 'double' to 'float'
     1>Source\Assignment3.cpp(1499): warning C4305: 'argument' : truncation from 'double' to 'float'
         Camera3.cpp
     1>Source\Camera3.cpp(169): warning C4244: '+=' : conversion from 'double' to 'float', possible loss of data
     1>Source\Camera3.cpp(170): warning C4244: '+=' : conversion from 'double' to 'float', possible loss of data
     1>Source\Camera3.cpp(175): warning C4244: '+=' : conversion from 'double' to 'float', possible loss of data
     1>Source\Camera3.cpp(176): warning C4244: '+=' : conversion from 'double' to 'float', possible loss of data
     1>Source\Camera3.cpp(181): warning C4244: '+=' : conversion from 'double' to 'float', possible loss of data
     1>Source\Camera3.cpp(182): warning C4244: '+=' : conversion from 'double' to 'float', possible loss of data
     1>Source\Camera3.cpp(187): warning C4244: '+=' : conversion from 'double' to 'float', possible loss of data
     1>Source\Camera3.cpp(188): warning C4244: '+=' : conversion from 'double' to 'float', possible loss of data
         Lab5b.cpp
     1>Source\Lab5b.cpp(34): warning C4305: 'argument' : truncation from 'double' to 'float'
     1>Source\Lab5b.cpp(35): warning C4305: 'argument' : truncation from 'double' to 'float'
     1>Source\Lab5b.cpp(58): warning C4244: 'argument' : conversion from 'time_t' to 'unsigned int', possible loss of data
     1>Source\Lab5b.cpp(343): warning C4305: 'argument' : truncation from 'double' to 'float'
         Application.cpp
     1>c:\users\wm\desktop\assignment3\mygraphics\source\Assignment3.h(208): warning C4305: 'initializing' : truncation from 'double' to 'float'
         Camera.cpp
         Camera2.cpp
         LoadOBJ.cpp
         LoadTGA.cpp
         main.cpp
         Mesh.cpp
         MeshBuilder.cpp
     1>Source\MeshBuilder.cpp(185): warning C4244: 'argument' : conversion from 'int' to 'float', possible loss of data
     1>Source\MeshBuilder.cpp(191): warning C4244: 'argument' : conversion from 'int' to 'float', possible loss of data
     1>Source\MeshBuilder.cpp(203): warning C4244: 'argument' : conversion from 'int' to 'float', possible loss of data
     1>Source\MeshBuilder.cpp(209): warning C4244: 'argument' : conversion from 'int' to 'float', possible loss of data
     1>Source\MeshBuilder.cpp(755): warning C4244: 'argument' : conversion from 'int' to 'float', possible loss of data
     1>Source\MeshBuilder.cpp(758): warning C4244: 'argument' : conversion from 'int' to 'float', possible loss of data
     1>Source\MeshBuilder.cpp(765): warning C4244: 'argument' : conversion from 'int' to 'float', possible loss of data
     1>Source\MeshBuilder.cpp(768): warning C4244: 'argument' : conversion from 'int' to 'float', possible loss of data
     1>Source\MeshBuilder.cpp(903): warning C4244: 'argument' : conversion from 'int' to 'float', possible loss of data
     1>Source\MeshBuilder.cpp(917): warning C4244: 'argument' : conversion from 'int' to 'float', possible loss of data
     1>Source\MeshBuilder.cpp(918): warning C4244: 'argument' : conversion from 'int' to 'float', possible loss of data
     1>Source\MeshBuilder.cpp(922): warning C4244: 'argument' : conversion from 'int' to 'float', possible loss of data
     1>Source\MeshBuilder.cpp(923): warning C4244: 'argument' : conversion from 'int' to 'float', possible loss of data
     1>Source\MeshBuilder.cpp(937): warning C4244: 'argument' : conversion from 'int' to 'float', possible loss of data
         Scene1.cpp
         Scene3.cpp
     1>Source\Scene3.cpp(34): warning C4305: 'argument' : truncation from 'double' to 'float'
     1>Source\Scene3.cpp(35): warning C4305: 'argument' : truncation from 'double' to 'float'
     1>Source\Scene3.cpp(60): warning C4244: 'argument' : conversion from 'time_t' to 'unsigned int', possible loss of data
         SceneLight.cpp
     1>Source\SceneLight.cpp(106): warning C4305: 'argument' : truncation from 'double' to 'float'
     1>Source\SceneLight.cpp(112): warning C4305: 'argument' : truncation from 'double' to 'float'
     1>Source\SceneLight.cpp(118): warning C4305: 'argument' : truncation from 'double' to 'float'
     1>Source\SceneLight.cpp(124): warning C4305: 'argument' : truncation from 'double' to 'float'
     1>Source\SceneLight.cpp(136): warning C4305: 'argument' : truncation from 'double' to 'float'
     1>Source\SceneLight.cpp(142): warning C4305: 'argument' : truncation from 'double' to 'float'
         SceneLight2.cpp
     1>Source\SceneLight2.cpp(163): warning C4305: 'argument' : truncation from 'double' to 'float'
     1>Source\SceneLight2.cpp(169): warning C4305: 'argument' : truncation from 'double' to 'float'
     1>Source\SceneLight2.cpp(175): warning C4305: 'argument' : truncation from 'double' to 'float'
     1>Source\SceneLight2.cpp(181): warning C4305: 'argument' : truncation from 'double' to 'float'
     1>Source\SceneLight2.cpp(193): warning C4305: 'argument' : truncation from 'double' to 'float'
         SceneModel.cpp
     1>Source\SceneModel.cpp(316): warning C4305: 'argument' : truncation from 'double' to 'float'
     1>Source\SceneModel.cpp(327): warning C4305: 'argument' : truncation from 'double' to 'float'
     1>Source\SceneModel.cpp(336): warning C4305: 'argument' : truncation from 'double' to 'float'
     1>Source\SceneModel.cpp(365): warning C4305: 'argument' : truncation from 'double' to 'float'
     1>Source\SceneModel.cpp(492): warning C4305: 'argument' : truncation from 'double' to 'float'
         SceneSkybox.cpp
     1>Source\SceneSkybox.cpp(192): warning C4305: 'argument' : truncation from 'double' to 'float'
     1>Source\SceneSkybox.cpp(198): warning C4305: 'argument' : truncation from 'double' to 'float'
     1>Source\SceneSkybox.cpp(204): warning C4305: 'argument' : truncation from 'double' to 'float'
     1>Source\SceneSkybox.cpp(210): warning C4305: 'argument' : truncation from 'double' to 'float'
     1>Source\SceneSkybox.cpp(222): warning C4305: 'argument' : truncation from 'double' to 'float'
     1>Source\SceneSkybox.cpp(363): warning C4305: 'argument' : truncation from 'double' to 'float'
     1>Source\SceneSkybox.cpp(374): warning C4305: 'argument' : truncation from 'double' to 'float'
     1>Source\SceneSkybox.cpp(383): warning C4305: 'argument' : truncation from 'double' to 'float'
     1>Source\SceneSkybox.cpp(413): warning C4305: 'argument' : truncation from 'double' to 'float'
         SceneText.cpp
     1>Source\SceneText.cpp(406): warning C4305: 'argument' : truncation from 'double' to 'float'
     1>Source\SceneText.cpp(571): warning C4305: 'argument' : truncation from 'double' to 'float'
         SceneTexture.cpp
     1>Source\SceneTexture.cpp(170): warning C4305: 'argument' : truncation from 'double' to 'float'
     1>Source\SceneTexture.cpp(176): warning C4305: 'argument' : truncation from 'double' to 'float'
     1>Source\SceneTexture.cpp(182): warning C4305: 'argument' : truncation from 'double' to 'float'
     1>Source\SceneTexture.cpp(188): warning C4305: 'argument' : truncation from 'double' to 'float'
     1>Source\SceneTexture.cpp(200): warning C4305: 'argument' : truncation from 'double' to 'float'
         Compiling...
         shader.cpp
         Scene2.cpp
     1>Source\Scene2.cpp(36): warning C4244: 'argument' : conversion from 'time_t' to 'unsigned int', possible loss of data
     1>Source\Scene2.cpp(124): warning C4554: '&' : check operator precedence for possible error; use parentheses to clarify precedence
     1>Source\Scene2.cpp(134): warning C4554: '&' : check operator precedence for possible error; use parentheses to clarify precedence
     1>Source\Scene2.cpp(156): warning C4554: '&' : check operator precedence for possible error; use parentheses to clarify precedence
     1>Source\Scene2.cpp(303): warning C4244: 'argument' : conversion from 'int' to 'float', possible loss of data
     1>Source\Scene2.cpp(324): warning C4244: 'argument' : conversion from 'int' to 'float', possible loss of data
         Utility.cpp
       Link:
         C:\Program Files (x86)\Microsoft Visual Studio 12.0\VC\bin\link.exe /ERRORREPORT:PROMPT /OUT:"C:\Users\WM\Desktop\Assignment3\Release\MyGraphics.exe" /INCREMENTAL:NO /NOLOGO /LIBPATH:C:\Users\WM\Desktop\Assignment3\\glew\lib /LIBPATH:"C:\Users\WM\Desktop\Assignment3\\glfw\lib-mscv120" /LIBPATH:C:\Users\WM\Desktop\Assignment3\Release glew32.lib glfw3.lib opengl32.lib winmm.lib Common.lib kernel32.lib user32.lib gdi32.lib winspool.lib comdlg32.lib advapi32.lib shell32.lib ole32.lib oleaut32.lib uuid.lib odbc32.lib odbccp32.lib /MANIFEST /MANIFESTUAC:"level='asInvoker' uiAccess='false'" /manifest:embed /DEBUG /PDB:"C:\Users\WM\Desktop\Assignment3\Release\MyGraphics.pdb" /SUBSYSTEM:CONSOLE /OPT:REF /OPT:ICF /LTCG /TLBID:1 /DYNAMICBASE /NXCOMPAT /IMPLIB:"C:\Users\WM\Desktop\Assignment3\Release\MyGraphics.lib" /MACHINE:X86 /SAFESEH Release\Assignment2.obj
         Release\Assignment3.obj
         Release\Camera3.obj
         Release\Lab5b.obj
         Release\Application.obj
         Release\Camera.obj
         Release\Camera2.obj
         Release\LoadOBJ.obj
         Release\LoadTGA.obj
         Release\main.obj
         Release\Mesh.obj
         Release\MeshBuilder.obj
         Release\Scene1.obj
         Release\Scene3.obj
         Release\SceneLight.obj
         Release\SceneLight2.obj
         Release\SceneModel.obj
         Release\SceneSkybox.obj
         Release\SceneText.obj
         Release\SceneTexture.obj
         Release\shader.obj
         Release\Scene2.obj
         Release\Utility.obj
     1>LINK : fatal error LNK1181: cannot open input file 'glfw3.lib'
     1>Done Building Project "C:\Users\WM\Desktop\Assignment3\MyGraphics\MyGraphics.vcxproj" (Build target(s)) -- FAILED.

Build FAILED.

Time Elapsed 00:00:10.22
